SLF4J: Class path contains multiple SLF4J bindings.
SLF4J: Found binding in [jar:file:/C:/Programmieren/Tools/eclipse-rcp-2020/plugins/org.eclipse.m2e.maven.runtime.slf4j.simple_1.16.0.20200610-1735/jars/slf4j-simple-1.7.5.jar!/org/slf4j/impl/StaticLoggerBinder.class]
SLF4J: Found binding in [file:/C:/Programmieren/Tools/eclipse-rcp-2020/configuration/org.eclipse.osgi/5/0/.cp/org/slf4j/impl/StaticLoggerBinder.class]
SLF4J: See http://www.slf4j.org/codes.html#multiple_bindings for an explanation.
SLF4J: Actual binding is of type [org.slf4j.impl.SimpleLoggerFactory]
SLF4J: Class path contains multiple SLF4J bindings.
SLF4J: Found binding in [jar:file:/C:/Programmieren/Tools/eclipse-rcp-2020/plugins/org.eclipse.m2e.maven.runtime.slf4j.simple_1.16.0.20200610-1735/jars/slf4j-simple-1.7.5.jar!/org/slf4j/impl/StaticLoggerBinder.class]
SLF4J: Found binding in [file:/C:/Programmieren/Tools/eclipse-rcp-2020/configuration/org.eclipse.osgi/5/0/.cp/org/slf4j/impl/StaticLoggerBinder.class]
SLF4J: See http://www.slf4j.org/codes.html#multiple_bindings for an explanation.
SLF4J: Actual binding is of type [org.slf4j.impl.SimpleLoggerFactory]
[INFO] Scanning for projects...
[INFO] ------------------------------------------------------------------------
[INFO] Reactor Build Order:
[INFO] 
[INFO] jMetaParent                                                        [pom]
[INFO] jMetaUtility                                                       [jar]
[INFO] jMetaLibrary                                                       [jar]
[INFO] jMetaDefaultExtensionID3v1                                         [jar]
[INFO] jMetaDefaultExtensionID3v23                                        [jar]
[INFO] jMetaDefaultExtensionLyrics3v2                                     [jar]
[INFO] jMetaDefaultExtensionAPEv2                                         [jar]
[INFO] jMetaDefaultExtensionOGG                                           [jar]
[INFO] jMetaDefaultExtensionMP3                                           [jar]
[INFO] jmetaDefaultExtensionIntegrationTests                              [jar]
[INFO] jMetaTools                                                         [jar]
[INFO] jMetaDocs                                                          [pom]
[INFO] 
[INFO] --------------------< com.github.jmeta:jmetaparent >--------------------
[INFO] Building jMetaParent 0.1                                          [1/12]
[INFO] --------------------------------[ pom ]---------------------------------
[INFO] 
[INFO] --- maven-clean-plugin:2.5:clean (default-clean) @ jmetaparent ---
[INFO] Deleting C:\Programmieren\08_GitProjekte\jMeta\jMeta\target
[INFO] 
[INFO] --- maven-site-plugin:3.9.1:site (default-site) @ jmetaparent ---
[INFO] configuring report plugin org.apache.maven.plugins:maven-surefire-report-plugin:2.17
[INFO] preparing maven-surefire-report-plugin:report report requires '[surefire]test' forked phase execution
[INFO] 
[INFO] >>> maven-surefire-report-plugin:2.17:report > [surefire]test @ jmetaparent >>>
[INFO] 
[INFO] --- jacoco-maven-plugin:0.8.5:prepare-agent (default-prepare-agent) @ jmetaparent ---
[INFO] argLine set to -javaagent:C:\\Users\\User\\.m2\\repository\\org\\jacoco\\org.jacoco.agent\\0.8.5\\org.jacoco.agent-0.8.5-runtime.jar=destfile=C:\\Programmieren\\08_GitProjekte\\jMeta\\jMeta\\target\\jacoco.exec
[INFO] 
[INFO] <<< maven-surefire-report-plugin:2.17:report < [surefire]test @ jmetaparent <<<
[INFO] 
[INFO] '[surefire]test' forked phase execution for maven-surefire-report-plugin:report report preparation done
[INFO] 3 reports detected for maven-surefire-report-plugin:2.17: report-only, failsafe-report-only, report
[INFO] configuring report plugin org.apache.maven.plugins:maven-javadoc-plugin:3.2.0
[INFO] preparing maven-javadoc-plugin:aggregate report requires 'compile' forked phase execution
[INFO] 
[INFO] >>> maven-javadoc-plugin:3.2.0:aggregate > compile @ jmetaparent >>>
[INFO] 
[INFO] >>>>>>>>>>>>>>>>>>>>>>>>>>>>>>>>>>>>>>>>>>>>>>>>>>>>>>>>>>>>>>>>>>>>>>>>
[INFO] Forking jMetaParent 0.1
[INFO] >>>>>>>>>>>>>>>>>>>>>>>>>>>>>>>>>>>>>>>>>>>>>>>>>>>>>>>>>>>>>>>>>>>>>>>>
[INFO] 
[INFO] --- jacoco-maven-plugin:0.8.5:prepare-agent (default-prepare-agent) @ jmetaparent ---
[INFO] argLine set to -javaagent:C:\\Users\\User\\.m2\\repository\\org\\jacoco\\org.jacoco.agent\\0.8.5\\org.jacoco.agent-0.8.5-runtime.jar=destfile=C:\\Programmieren\\08_GitProjekte\\jMeta\\jMeta\\target\\jacoco.exec
[INFO] 
[INFO] >>>>>>>>>>>>>>>>>>>>>>>>>>>>>>>>>>>>>>>>>>>>>>>>>>>>>>>>>>>>>>>>>>>>>>>>
[INFO] Forking jMetaUtility 0.1
[INFO] >>>>>>>>>>>>>>>>>>>>>>>>>>>>>>>>>>>>>>>>>>>>>>>>>>>>>>>>>>>>>>>>>>>>>>>>
[INFO] 
[INFO] --- jacoco-maven-plugin:0.8.5:prepare-agent (default-prepare-agent) @ jmetautility ---
[INFO] argLine set to -javaagent:C:\\Users\\User\\.m2\\repository\\org\\jacoco\\org.jacoco.agent\\0.8.5\\org.jacoco.agent-0.8.5-runtime.jar=destfile=C:\\Programmieren\\08_GitProjekte\\jMeta\\jMetaUtility\\target\\jacoco.exec
[INFO] 
[INFO] --- maven-resources-plugin:2.6:resources (default-resources) @ jmetautility ---
[INFO] Using 'UTF-8' encoding to copy filtered resources.
[INFO] Copying 1 resource
[INFO] 
[INFO] --- maven-compiler-plugin:2.3.2:compile (default-compile) @ jmetautility ---
[INFO] Nothing to compile - all classes are up to date
[INFO] 
[INFO] >>>>>>>>>>>>>>>>>>>>>>>>>>>>>>>>>>>>>>>>>>>>>>>>>>>>>>>>>>>>>>>>>>>>>>>>
[INFO] Forking jMetaLibrary 0.1
[INFO] >>>>>>>>>>>>>>>>>>>>>>>>>>>>>>>>>>>>>>>>>>>>>>>>>>>>>>>>>>>>>>>>>>>>>>>>
[INFO] 
[INFO] --- jacoco-maven-plugin:0.8.5:prepare-agent (default-prepare-agent) @ jmetalibrary ---
[INFO] argLine set to -javaagent:C:\\Users\\User\\.m2\\repository\\org\\jacoco\\org.jacoco.agent\\0.8.5\\org.jacoco.agent-0.8.5-runtime.jar=destfile=C:\\Programmieren\\08_GitProjekte\\jMeta\\jMetaLibrary\\target\\jacoco.exec
[INFO] 
[INFO] --- maven-resources-plugin:2.6:resources (default-resources) @ jmetalibrary ---
[INFO] Using 'UTF-8' encoding to copy filtered resources.
[INFO] Copying 6 resources
[INFO] 
[INFO] --- maven-compiler-plugin:2.3.2:compile (default-compile) @ jmetalibrary ---
[INFO] Nothing to compile - all classes are up to date
[INFO] 
[INFO] >>>>>>>>>>>>>>>>>>>>>>>>>>>>>>>>>>>>>>>>>>>>>>>>>>>>>>>>>>>>>>>>>>>>>>>>
[INFO] Forking jMetaDefaultExtensionID3v1 0.1
[INFO] >>>>>>>>>>>>>>>>>>>>>>>>>>>>>>>>>>>>>>>>>>>>>>>>>>>>>>>>>>>>>>>>>>>>>>>>
[INFO] 
[INFO] --- jacoco-maven-plugin:0.8.5:prepare-agent (default-prepare-agent) @ jmetaID3v1 ---
[INFO] argLine set to -javaagent:C:\\Users\\User\\.m2\\repository\\org\\jacoco\\org.jacoco.agent\\0.8.5\\org.jacoco.agent-0.8.5-runtime.jar=destfile=C:\\Programmieren\\08_GitProjekte\\jMeta\\jMetaDefaultExtensionID3v1\\target\\jacoco.exec
[INFO] 
[INFO] --- maven-resources-plugin:2.6:resources (default-resources) @ jmetaID3v1 ---
[INFO] Using 'UTF-8' encoding to copy filtered resources.
[INFO] Copying 1 resource
[INFO] 
[INFO] --- maven-compiler-plugin:2.3.2:compile (default-compile) @ jmetaID3v1 ---
[INFO] Nothing to compile - all classes are up to date
[INFO] 
[INFO] >>>>>>>>>>>>>>>>>>>>>>>>>>>>>>>>>>>>>>>>>>>>>>>>>>>>>>>>>>>>>>>>>>>>>>>>
[INFO] Forking jMetaDefaultExtensionID3v23 0.1
[INFO] >>>>>>>>>>>>>>>>>>>>>>>>>>>>>>>>>>>>>>>>>>>>>>>>>>>>>>>>>>>>>>>>>>>>>>>>
[INFO] 
[INFO] --- jacoco-maven-plugin:0.8.5:prepare-agent (default-prepare-agent) @ jmetaID3v23 ---
[INFO] argLine set to -javaagent:C:\\Users\\User\\.m2\\repository\\org\\jacoco\\org.jacoco.agent\\0.8.5\\org.jacoco.agent-0.8.5-runtime.jar=destfile=C:\\Programmieren\\08_GitProjekte\\jMeta\\jMetaDefaultExtensionID3v23\\target\\jacoco.exec
[INFO] 
[INFO] --- maven-resources-plugin:2.6:resources (default-resources) @ jmetaID3v23 ---
[INFO] Using 'UTF-8' encoding to copy filtered resources.
[INFO] Copying 1 resource
[INFO] 
[INFO] --- maven-compiler-plugin:2.3.2:compile (default-compile) @ jmetaID3v23 ---
[INFO] Nothing to compile - all classes are up to date
[INFO] 
[INFO] >>>>>>>>>>>>>>>>>>>>>>>>>>>>>>>>>>>>>>>>>>>>>>>>>>>>>>>>>>>>>>>>>>>>>>>>
[INFO] Forking jMetaDefaultExtensionLyrics3v2 0.1
[INFO] >>>>>>>>>>>>>>>>>>>>>>>>>>>>>>>>>>>>>>>>>>>>>>>>>>>>>>>>>>>>>>>>>>>>>>>>
[INFO] 
[INFO] --- jacoco-maven-plugin:0.8.5:prepare-agent (default-prepare-agent) @ jmetaLyrics3v2 ---
[INFO] argLine set to -javaagent:C:\\Users\\User\\.m2\\repository\\org\\jacoco\\org.jacoco.agent\\0.8.5\\org.jacoco.agent-0.8.5-runtime.jar=destfile=C:\\Programmieren\\08_GitProjekte\\jMeta\\jMetaDefaultExtensionLyrics3v2\\target\\jacoco.exec
[INFO] 
[INFO] --- maven-resources-plugin:2.6:resources (default-resources) @ jmetaLyrics3v2 ---
[INFO] Using 'UTF-8' encoding to copy filtered resources.
[INFO] Copying 1 resource
[INFO] 
[INFO] --- maven-compiler-plugin:2.3.2:compile (default-compile) @ jmetaLyrics3v2 ---
[INFO] Nothing to compile - all classes are up to date
[INFO] 
[INFO] >>>>>>>>>>>>>>>>>>>>>>>>>>>>>>>>>>>>>>>>>>>>>>>>>>>>>>>>>>>>>>>>>>>>>>>>
[INFO] Forking jMetaDefaultExtensionAPEv2 0.1
[INFO] >>>>>>>>>>>>>>>>>>>>>>>>>>>>>>>>>>>>>>>>>>>>>>>>>>>>>>>>>>>>>>>>>>>>>>>>
[INFO] 
[INFO] --- jacoco-maven-plugin:0.8.5:prepare-agent (default-prepare-agent) @ jmetaAPEv2 ---
[INFO] argLine set to -javaagent:C:\\Users\\User\\.m2\\repository\\org\\jacoco\\org.jacoco.agent\\0.8.5\\org.jacoco.agent-0.8.5-runtime.jar=destfile=C:\\Programmieren\\08_GitProjekte\\jMeta\\jMetaDefaultExtensionAPEv2\\target\\jacoco.exec
[INFO] 
[INFO] --- maven-resources-plugin:2.6:resources (default-resources) @ jmetaAPEv2 ---
[INFO] Using 'UTF-8' encoding to copy filtered resources.
[INFO] Copying 1 resource
[INFO] 
[INFO] --- maven-compiler-plugin:2.3.2:compile (default-compile) @ jmetaAPEv2 ---
[INFO] Nothing to compile - all classes are up to date
[INFO] 
[INFO] >>>>>>>>>>>>>>>>>>>>>>>>>>>>>>>>>>>>>>>>>>>>>>>>>>>>>>>>>>>>>>>>>>>>>>>>
[INFO] Forking jMetaDefaultExtensionOGG 0.1
[INFO] >>>>>>>>>>>>>>>>>>>>>>>>>>>>>>>>>>>>>>>>>>>>>>>>>>>>>>>>>>>>>>>>>>>>>>>>
[INFO] 
[INFO] --- jacoco-maven-plugin:0.8.5:prepare-agent (default-prepare-agent) @ jmetaOGG ---
[INFO] argLine set to -javaagent:C:\\Users\\User\\.m2\\repository\\org\\jacoco\\org.jacoco.agent\\0.8.5\\org.jacoco.agent-0.8.5-runtime.jar=destfile=C:\\Programmieren\\08_GitProjekte\\jMeta\\jMetaDefaultExtensionOGG\\target\\jacoco.exec
[INFO] 
[INFO] --- maven-resources-plugin:2.6:resources (default-resources) @ jmetaOGG ---
[INFO] Using 'UTF-8' encoding to copy filtered resources.
[INFO] Copying 1 resource
[INFO] 
[INFO] --- maven-compiler-plugin:2.3.2:compile (default-compile) @ jmetaOGG ---
[INFO] Nothing to compile - all classes are up to date
[INFO] 
[INFO] >>>>>>>>>>>>>>>>>>>>>>>>>>>>>>>>>>>>>>>>>>>>>>>>>>>>>>>>>>>>>>>>>>>>>>>>
[INFO] Forking jMetaDefaultExtensionMP3 0.1
[INFO] >>>>>>>>>>>>>>>>>>>>>>>>>>>>>>>>>>>>>>>>>>>>>>>>>>>>>>>>>>>>>>>>>>>>>>>>
[INFO] 
[INFO] --- jacoco-maven-plugin:0.8.5:prepare-agent (default-prepare-agent) @ jmetaMP3 ---
[INFO] argLine set to -javaagent:C:\\Users\\User\\.m2\\repository\\org\\jacoco\\org.jacoco.agent\\0.8.5\\org.jacoco.agent-0.8.5-runtime.jar=destfile=C:\\Programmieren\\08_GitProjekte\\jMeta\\jMetaDefaultExtensionMP3\\target\\jacoco.exec
[INFO] 
[INFO] --- maven-resources-plugin:2.6:resources (default-resources) @ jmetaMP3 ---
[INFO] Using 'UTF-8' encoding to copy filtered resources.
[INFO] Copying 1 resource
[INFO] 
[INFO] --- maven-compiler-plugin:2.3.2:compile (default-compile) @ jmetaMP3 ---
[INFO] Nothing to compile - all classes are up to date
[INFO] 
[INFO] >>>>>>>>>>>>>>>>>>>>>>>>>>>>>>>>>>>>>>>>>>>>>>>>>>>>>>>>>>>>>>>>>>>>>>>>
[INFO] Forking jmetaDefaultExtensionIntegrationTests 0.1
[INFO] >>>>>>>>>>>>>>>>>>>>>>>>>>>>>>>>>>>>>>>>>>>>>>>>>>>>>>>>>>>>>>>>>>>>>>>>
[INFO] 
[INFO] --- jacoco-maven-plugin:0.8.5:prepare-agent (default-prepare-agent) @ jmetadefaultextensionintegrationtests ---
[INFO] argLine set to -javaagent:C:\\Users\\User\\.m2\\repository\\org\\jacoco\\org.jacoco.agent\\0.8.5\\org.jacoco.agent-0.8.5-runtime.jar=destfile=C:\\Programmieren\\08_GitProjekte\\jMeta\\jMetaDefaultExtensionIntegrationTests\\target\\jacoco.exec
[INFO] 
[INFO] --- maven-resources-plugin:2.6:resources (default-resources) @ jmetadefaultextensionintegrationtests ---
[INFO] Using 'UTF-8' encoding to copy filtered resources.
[INFO] skip non existing resourceDirectory C:\Programmieren\08_GitProjekte\jMeta\jMetaDefaultExtensionIntegrationTests\src\main\resources
[INFO] 
[INFO] --- maven-compiler-plugin:2.3.2:compile (default-compile) @ jmetadefaultextensionintegrationtests ---
[INFO] No sources to compile
[INFO] 
[INFO] >>>>>>>>>>>>>>>>>>>>>>>>>>>>>>>>>>>>>>>>>>>>>>>>>>>>>>>>>>>>>>>>>>>>>>>>
[INFO] Forking jMetaTools 0.1
[INFO] >>>>>>>>>>>>>>>>>>>>>>>>>>>>>>>>>>>>>>>>>>>>>>>>>>>>>>>>>>>>>>>>>>>>>>>>
[INFO] 
[INFO] --- jacoco-maven-plugin:0.8.5:prepare-agent (default-prepare-agent) @ jmetatools ---
[INFO] argLine set to -javaagent:C:\\Users\\User\\.m2\\repository\\org\\jacoco\\org.jacoco.agent\\0.8.5\\org.jacoco.agent-0.8.5-runtime.jar=destfile=C:\\Programmieren\\08_GitProjekte\\jMeta\\jMetaTools\\target\\jacoco.exec
[INFO] 
[INFO] --- maven-resources-plugin:2.6:resources (default-resources) @ jmetatools ---
[INFO] Using 'UTF-8' encoding to copy filtered resources.
[INFO] Copying 1 resource
[INFO] 
[INFO] --- maven-compiler-plugin:2.3.2:compile (default-compile) @ jmetatools ---
[INFO] Nothing to compile - all classes are up to date
[INFO] 
[INFO] >>>>>>>>>>>>>>>>>>>>>>>>>>>>>>>>>>>>>>>>>>>>>>>>>>>>>>>>>>>>>>>>>>>>>>>>
[INFO] Forking jMetaDocs 0.1
[INFO] >>>>>>>>>>>>>>>>>>>>>>>>>>>>>>>>>>>>>>>>>>>>>>>>>>>>>>>>>>>>>>>>>>>>>>>>
[INFO] 
[INFO] --- jacoco-maven-plugin:0.8.5:prepare-agent (default-prepare-agent) @ jmetadocs ---
